<?xml version="1.0" encoding="UTF-8" ?>
<testsuite failures="0" time="0.007" errors="0" skipped="0" tests="4" name="net.todd.games.balls.client.ui.MainPresenterPositionListenerTest">
  <properties>
    <property name="java.runtime.name" value="OpenJDK Runtime Environment"/>
    <property name="sun.boot.library.path" value="/usr/lib/jvm/java-6-openjdk/jre/lib/i386"/>
    <property name="java.vm.version" value="14.0-b16"/>
    <property name="java.vm.vendor" value="Sun Microsystems Inc."/>
    <property name="java.vendor.url" value="http://java.sun.com/"/>
    <property name="path.separator" value=":"/>
    <property name="java.vm.name" value="OpenJDK Server VM"/>
    <property name="file.encoding.pkg" value="sun.io"/>
    <property name="user.country" value="US"/>
    <property name="sun.java.launcher" value="SUN_STANDARD"/>
    <property name="sun.os.patch.level" value="unknown"/>
    <property name="java.vm.specification.name" value="Java Virtual Machine Specification"/>
    <property name="user.dir" value="/home/mtodd/checkout/ball-game/ball-client"/>
    <property name="java.runtime.version" value="1.6.0_0-b16"/>
    <property name="java.awt.graphicsenv" value="sun.awt.X11GraphicsEnvironment"/>
    <property name="basedir" value="/home/mtodd/checkout/ball-game/ball-client"/>
    <property name="java.endorsed.dirs" value="/usr/lib/jvm/java-6-openjdk/jre/lib/endorsed"/>
    <property name="os.arch" value="i386"/>
    <property name="surefire.real.class.path" value="/tmp/surefirebooter7444786220325872271.jar"/>
    <property name="javax.accessibility.assistive_technologies" value="org.GNOME.Accessibility.JavaBridge"/>
    <property name="java.io.tmpdir" value="/tmp"/>
    <property name="line.separator" value="
"/>
    <property name="java.vm.specification.vendor" value="Sun Microsystems Inc."/>
    <property name="os.name" value="Linux"/>
    <property name="sun.jnu.encoding" value="UTF-8"/>
    <property name="java.library.path" value="/usr/lib/jvm/java-6-openjdk/jre/lib/i386/server:/usr/lib/jvm/java-6-openjdk/jre/lib/i386:/usr/lib/jvm/java-6-openjdk/jre/../lib/i386:/usr/java/packages/lib/i386:/usr/lib/jni:/lib:/usr/lib"/>
    <property name="surefire.test.class.path" value="/home/mtodd/checkout/ball-game/ball-client/target/test-classes:/home/mtodd/checkout/ball-game/ball-client/target/classes:/home/mtodd/.m2/repository/org/apache/mina/mina-core/2.0.0-M3/mina-core-2.0.0-M3.jar:/home/mtodd/.m2/repository/org/slf4j/slf4j-api/1.5.2/slf4j-api-1.5.2.jar:/home/mtodd/.m2/repository/org/slf4j/slf4j-log4j12/1.5.2/slf4j-log4j12-1.5.2.jar:/home/mtodd/.m2/repository/log4j/log4j/1.2.14/log4j-1.2.14.jar:/home/mtodd/.m2/repository/junit/junit/4.0/junit-4.0.jar:/home/mtodd/.m2/repository/net/todd/common/uitools/1.1/uitools-1.1.jar:/home/mtodd/checkout/ball-game/ball-common/target/classes:"/>
    <property name="java.specification.name" value="Java Platform API Specification"/>
    <property name="java.class.version" value="50.0"/>
    <property name="sun.management.compiler" value="HotSpot Tiered Compilers"/>
    <property name="os.version" value="2.6.31-20-generic"/>
    <property name="user.home" value="/home/mtodd"/>
    <property name="user.timezone" value=""/>
    <property name="user.zoneinfo.dir" value="/usr/share/javazi"/>
    <property name="java.awt.printerjob" value="sun.print.PSPrinterJob"/>
    <property name="java.specification.version" value="1.6"/>
    <property name="file.encoding" value="UTF-8"/>
    <property name="user.name" value="mtodd"/>
    <property name="java.class.path" value="/home/mtodd/checkout/ball-game/ball-client/target/test-classes:/home/mtodd/checkout/ball-game/ball-client/target/classes:/home/mtodd/.m2/repository/org/apache/mina/mina-core/2.0.0-M3/mina-core-2.0.0-M3.jar:/home/mtodd/.m2/repository/org/slf4j/slf4j-api/1.5.2/slf4j-api-1.5.2.jar:/home/mtodd/.m2/repository/org/slf4j/slf4j-log4j12/1.5.2/slf4j-log4j12-1.5.2.jar:/home/mtodd/.m2/repository/log4j/log4j/1.2.14/log4j-1.2.14.jar:/home/mtodd/.m2/repository/junit/junit/4.0/junit-4.0.jar:/home/mtodd/.m2/repository/net/todd/common/uitools/1.1/uitools-1.1.jar:/home/mtodd/checkout/ball-game/ball-common/target/classes:"/>
    <property name="java.vm.specification.version" value="1.0"/>
    <property name="sun.arch.data.model" value="32"/>
    <property name="java.home" value="/usr/lib/jvm/java-6-openjdk/jre"/>
    <property name="java.specification.vendor" value="Sun Microsystems Inc."/>
    <property name="user.language" value="en"/>
    <property name="java.vm.info" value="mixed mode"/>
    <property name="java.version" value="1.6.0_0"/>
    <property name="java.ext.dirs" value="/usr/lib/jvm/java-6-openjdk/jre/lib/ext:/usr/java/packages/lib/ext"/>
    <property name="sun.boot.class.path" value="/usr/lib/jvm/java-6-openjdk/jre/lib/resources.jar:/usr/lib/jvm/java-6-openjdk/jre/lib/rt.jar:/usr/lib/jvm/java-6-openjdk/jre/lib/sunrsasign.jar:/usr/lib/jvm/java-6-openjdk/jre/lib/jsse.jar:/usr/lib/jvm/java-6-openjdk/jre/lib/jce.jar:/usr/lib/jvm/java-6-openjdk/jre/lib/charsets.jar:/usr/lib/jvm/java-6-openjdk/jre/lib/rhino.jar:/usr/lib/jvm/java-6-openjdk/jre/classes"/>
    <property name="java.vendor" value="Sun Microsystems Inc."/>
    <property name="localRepository" value="/home/mtodd/.m2/repository"/>
    <property name="file.separator" value="/"/>
    <property name="java.vendor.url.bug" value="http://java.sun.com/cgi-bin/bugreport.cgi"/>
    <property name="sun.cpu.endian" value="little"/>
    <property name="sun.io.unicode.encoding" value="UnicodeLittle"/>
    <property name="sun.desktop" value="gnome"/>
    <property name="sun.cpu.isalist" value=""/>
  </properties>
  <testcase time="0.002" classname="net.todd.games.balls.client.ui.MainPresenterPositionListenerTest" name="testPresenterListensForUpKey"/>
  <testcase time="0.001" classname="net.todd.games.balls.client.ui.MainPresenterPositionListenerTest" name="testPresenterListensForDownKey"/>
  <testcase time="0.001" classname="net.todd.games.balls.client.ui.MainPresenterPositionListenerTest" name="testPresenterListensForLeftKey"/>
  <testcase time="0.001" classname="net.todd.games.balls.client.ui.MainPresenterPositionListenerTest" name="testPresenterListensForRightKey"/>
</testsuite>